# JRE version: OpenJDK Runtime Environment Temurin-21.0.8+9 (21.0.8+9) (build 21.0.8+9-LTS)
# Java VM: OpenJDK 64-Bit Server VM Temurin-21.0.8+9 (21.0.8+9-LTS, mixed mode, sharing, tiered, compressed oops, compressed class ptrs, parallel gc, windows-amd64)
GC Precious Log:
 CardTable entry size: 512
 CPUs: 12 total, 12 available
 Memory: 23916M
 Large Page Support: Disabled
 NUMA Support: Disabled
 Compressed Oops: Enabled (32-bit)
 Alignments: Space 512K, Generation 512K, Heap 2M
 Heap Min Capacity: 100M
 Heap Initial Capacity: 100M
 Heap Max Capacity: 2G
 Pre-touch: Disabled
 Parallel Workers: 10
Heap:
 PSYoungGen      total 18432K, used 726K [0x00000000d5580000, 0x00000000d6900000, 0x0000000100000000)
  eden space 17408K, 0% used [0x00000000d5580000,0x00000000d559d800,0x00000000d6680000)
  from space 1024K, 59% used [0x00000000d6800000,0x00000000d6898020,0x00000000d6900000)
  to   space 1024K, 0% used [0x00000000d6700000,0x00000000d6700000,0x00000000d6800000)
 ParOldGen       total 86528K, used 86128K [0x0000000080000000, 0x0000000085480000, 0x00000000d5580000)
  object space 86528K, 99% used [0x0000000080000000,0x000000008541c278,0x0000000085480000)
 Metaspace       used 68797K, committed 70336K, reserved 1114112K
  class space    used 7263K, committed 7936K, reserved 1048576K
GC Heap History (20 events):
Event: 1286.953 GC heap before
{Heap before GC invocations=125 (full 3):
 PSYoungGen      total 17920K, used 17728K [0x00000000d5580000, 0x00000000d6800000, 0x0000000100000000)
  eden space 17408K, 100% used [0x00000000d5580000,0x00000000d6680000,0x00000000d6680000)
  from space 512K, 62% used [0x00000000d6680000,0x00000000d66d0000,0x00000000d6700000)
  to   space 512K, 0% used [0x00000000d6780000,0x00000000d6780000,0x00000000d6800000)
 ParOldGen       total 84480K, used 82888K [0x0000000080000000, 0x0000000085280000, 0x00000000d5580000)
  object space 84480K, 98% used [0x0000000080000000,0x00000000850f2190,0x0000000085280000)
 Metaspace       used 65377K, committed 66816K, reserved 1114112K
  class space    used 6803K, committed 7424K, reserved 1048576K
}
Event: 1286.954 GC heap after
{Heap after GC invocations=125 (full 3):
 PSYoungGen      total 17920K, used 512K [0x00000000d5580000, 0x00000000d6880000, 0x0000000100000000)
  eden space 17408K, 0% used [0x00000000d5580000,0x00000000d5580000,0x00000000d6680000)
  from space 512K, 100% used [0x00000000d6780000,0x00000000d6800000,0x00000000d6800000)
  to   space 1024K, 0% used [0x00000000d6680000,0x00000000d6680000,0x00000000d6780000)
 ParOldGen       total 84480K, used 82928K [0x0000000080000000, 0x0000000085280000, 0x00000000d5580000)
  object space 84480K, 98% used [0x0000000080000000,0x00000000850fc190,0x0000000085280000)
 Metaspace       used 65377K, committed 66816K, reserved 1114112K
  class space    used 6803K, committed 7424K, reserved 1048576K
}
Event: 1287.039 GC heap before
{Heap before GC invocations=126 (full 3):
 PSYoungGen      total 17920K, used 17920K [0x00000000d5580000, 0x00000000d6880000, 0x0000000100000000)
  eden space 17408K, 100% used [0x00000000d5580000,0x00000000d6680000,0x00000000d6680000)
  from space 512K, 100% used [0x00000000d6780000,0x00000000d6800000,0x00000000d6800000)
  to   space 1024K, 0% used [0x00000000d6680000,0x00000000d6680000,0x00000000d6780000)
 ParOldGen       total 84480K, used 82928K [0x0000000080000000, 0x0000000085280000, 0x00000000d5580000)
  object space 84480K, 98% used [0x0000000080000000,0x00000000850fc190,0x0000000085280000)
 Metaspace       used 65436K, committed 66880K, reserved 1114112K
  class space    used 6811K, committed 7424K, reserved 1048576K
}
Event: 1287.040 GC heap after
{Heap after GC invocations=126 (full 3):
 PSYoungGen      total 18432K, used 800K [0x00000000d5580000, 0x00000000d6880000, 0x0000000100000000)
  eden space 17408K, 0% used [0x00000000d5580000,0x00000000d5580000,0x00000000d6680000)
  from space 1024K, 78% used [0x00000000d6680000,0x00000000d6748000,0x00000000d6780000)
  to   space 1024K, 0% used [0x00000000d6780000,0x00000000d6780000,0x00000000d6880000)
 ParOldGen       total 84480K, used 83384K [0x0000000080000000, 0x0000000085280000, 0x00000000d5580000)
  object space 84480K, 98% used [0x0000000080000000,0x000000008516e190,0x0000000085280000)
 Metaspace       used 65436K, committed 66880K, reserved 1114112K
  class space    used 6811K, committed 7424K, reserved 1048576K
}
Event: 1287.067 GC heap before
{Heap before GC invocations=127 (full 3):
 PSYoungGen      total 18432K, used 18208K [0x00000000d5580000, 0x00000000d6880000, 0x0000000100000000)
  eden space 17408K, 100% used [0x00000000d5580000,0x00000000d6680000,0x00000000d6680000)
  from space 1024K, 78% used [0x00000000d6680000,0x00000000d6748000,0x00000000d6780000)
  to   space 1024K, 0% used [0x00000000d6780000,0x00000000d6780000,0x00000000d6880000)
 ParOldGen       total 84480K, used 83384K [0x0000000080000000, 0x0000000085280000, 0x00000000d5580000)
  object space 84480K, 98% used [0x0000000080000000,0x000000008516e190,0x0000000085280000)
 Metaspace       used 65448K, committed 66880K, reserved 1114112K
  class space    used 6811K, committed 7424K, reserved 1048576K
}
Event: 1287.068 GC heap after
{Heap after GC invocations=127 (full 3):
 PSYoungGen      total 18432K, used 416K [0x00000000d5580000, 0x00000000d6880000, 0x0000000100000000)
  eden space 17408K, 0% used [0x00000000d5580000,0x00000000d5580000,0x00000000d6680000)
  from space 1024K, 40% used [0x00000000d6780000,0x00000000d67e8000,0x00000000d6880000)
  to   space 1024K, 0% used [0x00000000d6680000,0x00000000d6680000,0x00000000d6780000)
 ParOldGen       total 84480K, used 83960K [0x0000000080000000, 0x0000000085280000, 0x00000000d5580000)
  object space 84480K, 99% used [0x0000000080000000,0x00000000851fe190,0x0000000085280000)
 Metaspace       used 65448K, committed 66880K, reserved 1114112K
  class space    used 6811K, committed 7424K, reserved 1048576K
}
Event: 1287.093 GC heap before
{Heap before GC invocations=128 (full 3):
 PSYoungGen      total 18432K, used 17824K [0x00000000d5580000, 0x00000000d6880000, 0x0000000100000000)
  eden space 17408K, 100% used [0x00000000d5580000,0x00000000d6680000,0x00000000d6680000)
  from space 1024K, 40% used [0x00000000d6780000,0x00000000d67e8000,0x00000000d6880000)
  to   space 1024K, 0% used [0x00000000d6680000,0x00000000d6680000,0x00000000d6780000)
 ParOldGen       total 84480K, used 83960K [0x0000000080000000, 0x0000000085280000, 0x00000000d5580000)
  object space 84480K, 99% used [0x0000000080000000,0x00000000851fe190,0x0000000085280000)
 Metaspace       used 65459K, committed 66880K, reserved 1114112K
  class space    used 6812K, committed 7424K, reserved 1048576K
}
Event: 1287.093 GC heap after
{Heap after GC invocations=128 (full 3):
 PSYoungGen      total 18432K, used 416K [0x00000000d5580000, 0x00000000d6800000, 0x0000000100000000)
  eden space 17408K, 0% used [0x00000000d5580000,0x00000000d5580000,0x00000000d6680000)
  from space 1024K, 40% used [0x00000000d6680000,0x00000000d66e8000,0x00000000d6780000)
  to   space 512K, 0% used [0x00000000d6780000,0x00000000d6780000,0x00000000d6800000)
 ParOldGen       total 84480K, used 84118K [0x0000000080000000, 0x0000000085280000, 0x00000000d5580000)
  object space 84480K, 99% used [0x0000000080000000,0x0000000085225ad0,0x0000000085280000)
 Metaspace       used 65459K, committed 66880K, reserved 1114112K
  class space    used 6812K, committed 7424K, reserved 1048576K
}
Event: 1287.131 GC heap before
{Heap before GC invocations=129 (full 3):
 PSYoungGen      total 18432K, used 16666K [0x00000000d5580000, 0x00000000d6800000, 0x0000000100000000)
  eden space 17408K, 93% used [0x00000000d5580000,0x00000000d655ead0,0x00000000d6680000)
  from space 1024K, 40% used [0x00000000d6680000,0x00000000d66e8000,0x00000000d6780000)
  to   space 512K, 0% used [0x00000000d6780000,0x00000000d6780000,0x00000000d6800000)
 ParOldGen       total 84480K, used 84118K [0x0000000080000000, 0x0000000085280000, 0x00000000d5580000)
  object space 84480K, 99% used [0x0000000080000000,0x0000000085225ad0,0x0000000085280000)
 Metaspace       used 65466K, committed 66880K, reserved 1114112K
  class space    used 6812K, committed 7424K, reserved 1048576K
}
Event: 1287.131 GC heap after
{Heap after GC invocations=129 (full 3):
 PSYoungGen      total 17920K, used 320K [0x00000000d5580000, 0x00000000d6800000, 0x0000000100000000)
  eden space 17408K, 0% used [0x00000000d5580000,0x00000000d5580000,0x00000000d6680000)
  from space 512K, 62% used [0x00000000d6780000,0x00000000d67d0000,0x00000000d6800000)
  to   space 512K, 0% used [0x00000000d6700000,0x00000000d6700000,0x00000000d6780000)
 ParOldGen       total 84480K, used 84182K [0x0000000080000000, 0x0000000085280000, 0x00000000d5580000)
  object space 84480K, 99% used [0x0000000080000000,0x0000000085235ad0,0x0000000085280000)
 Metaspace       used 65466K, committed 66880K, reserved 1114112K
  class space    used 6812K, committed 7424K, reserved 1048576K
}
Event: 1287.160 GC heap before
{Heap before GC invocations=130 (full 3):
 PSYoungGen      total 17920K, used 17728K [0x00000000d5580000, 0x00000000d6800000, 0x0000000100000000)
  eden space 17408K, 100% used [0x00000000d5580000,0x00000000d6680000,0x00000000d6680000)
  from space 512K, 62% used [0x00000000d6780000,0x00000000d67d0000,0x00000000d6800000)
  to   space 512K, 0% used [0x00000000d6700000,0x00000000d6700000,0x00000000d6780000)
 ParOldGen       total 84480K, used 84182K [0x0000000080000000, 0x0000000085280000, 0x00000000d5580000)
  object space 84480K, 99% used [0x0000000080000000,0x0000000085235ad0,0x0000000085280000)
 Metaspace       used 65471K, committed 66880K, reserved 1114112K
  class space    used 6812K, committed 7424K, reserved 1048576K
}
Event: 1287.161 GC heap after
{Heap after GC invocations=130 (full 3):
 PSYoungGen      total 17920K, used 320K [0x00000000d5580000, 0x00000000d6800000, 0x0000000100000000)
  eden space 17408K, 0% used [0x00000000d5580000,0x00000000d5580000,0x00000000d6680000)
  from space 512K, 62% used [0x00000000d6700000,0x00000000d6750000,0x00000000d6780000)
  to   space 512K, 0% used [0x00000000d6780000,0x00000000d6780000,0x00000000d6800000)
 ParOldGen       total 84480K, used 84246K [0x0000000080000000, 0x0000000085280000, 0x00000000d5580000)
  object space 84480K, 99% used [0x0000000080000000,0x0000000085245ad0,0x0000000085280000)
 Metaspace       used 65471K, committed 66880K, reserved 1114112K
  class space    used 6812K, committed 7424K, reserved 1048576K
}
Event: 1287.215 GC heap before
{Heap before GC invocations=131 (full 3):
 PSYoungGen      total 17920K, used 17728K [0x00000000d5580000, 0x00000000d6800000, 0x0000000100000000)
  eden space 17408K, 100% used [0x00000000d5580000,0x00000000d6680000,0x00000000d6680000)
  from space 512K, 62% used [0x00000000d6700000,0x00000000d6750000,0x00000000d6780000)
  to   space 512K, 0% used [0x00000000d6780000,0x00000000d6780000,0x00000000d6800000)
 ParOldGen       total 84480K, used 84246K [0x0000000080000000, 0x0000000085280000, 0x00000000d5580000)
  object space 84480K, 99% used [0x0000000080000000,0x0000000085245ad0,0x0000000085280000)
 Metaspace       used 65488K, committed 66944K, reserved 1114112K
  class space    used 6813K, committed 7424K, reserved 1048576K
}
Event: 1287.216 GC heap after
{Heap after GC invocations=131 (full 3):
 PSYoungGen      total 17920K, used 366K [0x00000000d5580000, 0x00000000d6800000, 0x0000000100000000)
  eden space 17408K, 0% used [0x00000000d5580000,0x00000000d5580000,0x00000000d6680000)
  from space 512K, 71% used [0x00000000d6780000,0x00000000d67db910,0x00000000d6800000)
  to   space 512K, 0% used [0x00000000d6700000,0x00000000d6700000,0x00000000d6780000)
 ParOldGen       total 84480K, used 84318K [0x0000000080000000, 0x0000000085280000, 0x00000000d5580000)
  object space 84480K, 99% used [0x0000000080000000,0x0000000085257ad0,0x0000000085280000)
 Metaspace       used 65488K, committed 66944K, reserved 1114112K
  class space    used 6813K, committed 7424K, reserved 1048576K
}
Event: 1287.248 GC heap before
{Heap before GC invocations=132 (full 3):
 PSYoungGen      total 17920K, used 17774K [0x00000000d5580000, 0x00000000d6800000, 0x0000000100000000)
  eden space 17408K, 100% used [0x00000000d5580000,0x00000000d6680000,0x00000000d6680000)
  from space 512K, 71% used [0x00000000d6780000,0x00000000d67db910,0x00000000d6800000)
  to   space 512K, 0% used [0x00000000d6700000,0x00000000d6700000,0x00000000d6780000)
 ParOldGen       total 84480K, used 84318K [0x0000000080000000, 0x0000000085280000, 0x00000000d5580000)
  object space 84480K, 99% used [0x0000000080000000,0x0000000085257ad0,0x0000000085280000)
 Metaspace       used 65491K, committed 66944K, reserved 1114112K
  class space    used 6813K, committed 7424K, reserved 1048576K
}
Event: 1287.248 GC heap after
{Heap after GC invocations=132 (full 3):
 PSYoungGen      total 17920K, used 400K [0x00000000d5580000, 0x00000000d6800000, 0x0000000100000000)
  eden space 17408K, 0% used [0x00000000d5580000,0x00000000d5580000,0x00000000d6680000)
  from space 512K, 78% used [0x00000000d6700000,0x00000000d6764010,0x00000000d6780000)
  to   space 512K, 0% used [0x00000000d6780000,0x00000000d6780000,0x00000000d6800000)
 ParOldGen       total 84992K, used 84532K [0x0000000080000000, 0x0000000085300000, 0x00000000d5580000)
  object space 84992K, 99% used [0x0000000080000000,0x000000008528d3e0,0x0000000085300000)
 Metaspace       used 65491K, committed 66944K, reserved 1114112K
  class space    used 6813K, committed 7424K, reserved 1048576K
}
Event: 1363.714 GC heap before
{Heap before GC invocations=133 (full 3):
 PSYoungGen      total 17920K, used 17808K [0x00000000d5580000, 0x00000000d6800000, 0x0000000100000000)
  eden space 17408K, 100% used [0x00000000d5580000,0x00000000d6680000,0x00000000d6680000)
  from space 512K, 78% used [0x00000000d6700000,0x00000000d6764010,0x00000000d6780000)
  to   space 512K, 0% used [0x00000000d6780000,0x00000000d6780000,0x00000000d6800000)
 ParOldGen       total 84992K, used 84532K [0x0000000080000000, 0x0000000085300000, 0x00000000d5580000)
  object space 84992K, 99% used [0x0000000080000000,0x000000008528d3e0,0x0000000085300000)
 Metaspace       used 65643K, committed 67136K, reserved 1114112K
  class space    used 6836K, committed 7488K, reserved 1048576K
}
Event: 1363.716 GC heap after
{Heap after GC invocations=133 (full 3):
 PSYoungGen      total 17920K, used 480K [0x00000000d5580000, 0x00000000d6800000, 0x0000000100000000)
  eden space 17408K, 0% used [0x00000000d5580000,0x00000000d5580000,0x00000000d6680000)
  from space 512K, 93% used [0x00000000d6780000,0x00000000d67f8020,0x00000000d6800000)
  to   space 512K, 0% used [0x00000000d6700000,0x00000000d6700000,0x00000000d6780000)
 ParOldGen       total 86016K, used 85370K [0x0000000080000000, 0x0000000085400000, 0x00000000d5580000)
  object space 86016K, 99% used [0x0000000080000000,0x000000008535ea38,0x0000000085400000)
 Metaspace       used 65643K, committed 67136K, reserved 1114112K
  class space    used 6836K, committed 7488K, reserved 1048576K
}
Event: 1363.847 GC heap before
{Heap before GC invocations=134 (full 3):
 PSYoungGen      total 17920K, used 17888K [0x00000000d5580000, 0x00000000d6800000, 0x0000000100000000)
  eden space 17408K, 100% used [0x00000000d5580000,0x00000000d6680000,0x00000000d6680000)
  from space 512K, 93% used [0x00000000d6780000,0x00000000d67f8020,0x00000000d6800000)
  to   space 512K, 0% used [0x00000000d6700000,0x00000000d6700000,0x00000000d6780000)
 ParOldGen       total 86016K, used 85370K [0x0000000080000000, 0x0000000085400000, 0x00000000d5580000)
  object space 86016K, 99% used [0x0000000080000000,0x000000008535ea38,0x0000000085400000)
 Metaspace       used 66942K, committed 68416K, reserved 1114112K
  class space    used 6960K, committed 7552K, reserved 1048576K
}
Event: 1363.848 GC heap after
{Heap after GC invocations=134 (full 3):
 PSYoungGen      total 17920K, used 496K [0x00000000d5580000, 0x00000000d6980000, 0x0000000100000000)
  eden space 17408K, 0% used [0x00000000d5580000,0x00000000d5580000,0x00000000d6680000)
  from space 512K, 96% used [0x00000000d6700000,0x00000000d677c1d8,0x00000000d6780000)
  to   space 1536K, 0% used [0x00000000d6800000,0x00000000d6800000,0x00000000d6980000)
 ParOldGen       total 86016K, used 85929K [0x0000000080000000, 0x0000000085400000, 0x00000000d5580000)
  object space 86016K, 99% used [0x0000000080000000,0x00000000853ea6b0,0x0000000085400000)
 Metaspace       used 66942K, committed 68416K, reserved 1114112K
  class space    used 6960K, committed 7552K, reserved 1048576K
}

