# JRE version: OpenJDK Runtime Environment Temurin-21.0.8+9 (21.0.8+9) (build 21.0.8+9-LTS)
# Java VM: OpenJDK 64-Bit Server VM Temurin-21.0.8+9 (21.0.8+9-LTS, mixed mode, sharing, tiered, compressed oops, compressed class ptrs, parallel gc, windows-amd64)
GC Precious Log:
 CardTable entry size: 512
 CPUs: 12 total, 12 available
 Memory: 23916M
 Large Page Support: Disabled
 NUMA Support: Disabled
 Compressed Oops: Enabled (32-bit)
 Alignments: Space 512K, Generation 512K, Heap 2M
 Heap Min Capacity: 100M
 Heap Initial Capacity: 100M
 Heap Max Capacity: 2G
 Pre-touch: Disabled
 Parallel Workers: 10
Heap:
 PSYoungGen      total 24064K, used 8961K [0x00000000d5580000, 0x00000000d7180000, 0x0000000100000000)
  eden space 20992K, 42% used [0x00000000d5580000,0x00000000d5e40418,0x00000000d6a00000)
  from space 3072K, 0% used [0x00000000d6e80000,0x00000000d6e80000,0x00000000d7180000)
  to   space 3584K, 0% used [0x00000000d6a80000,0x00000000d6a80000,0x00000000d6e00000)
 ParOldGen       total 68608K, used 55406K [0x0000000080000000, 0x0000000084300000, 0x00000000d5580000)
  object space 68608K, 80% used [0x0000000080000000,0x000000008361b8a0,0x0000000084300000)
 Metaspace       used 58621K, committed 59968K, reserved 1114112K
  class space    used 6160K, committed 6784K, reserved 1048576K
GC Heap History (20 events):
Event: 27.309 GC heap before
{Heap before GC invocations=30 (full 2):
 PSYoungGen      total 22528K, used 22516K [0x00000000d5580000, 0x00000000d7000000, 0x0000000100000000)
  eden space 20992K, 100% used [0x00000000d5580000,0x00000000d6a00000,0x00000000d6a00000)
  from space 1536K, 99% used [0x00000000d6a80000,0x00000000d6bfd1e8,0x00000000d6c00000)
  to   space 3072K, 0% used [0x00000000d6d00000,0x00000000d6d00000,0x00000000d7000000)
 ParOldGen       total 68608K, used 40412K [0x0000000080000000, 0x0000000084300000, 0x00000000d5580000)
  object space 68608K, 58% used [0x0000000080000000,0x00000000827770e0,0x0000000084300000)
 Metaspace       used 52773K, committed 54144K, reserved 1114112K
  class space    used 5691K, committed 6272K, reserved 1048576K
}
Event: 27.309 GC heap after
{Heap after GC invocations=30 (full 2):
 PSYoungGen      total 21504K, used 288K [0x00000000d5580000, 0x00000000d6d80000, 0x0000000100000000)
  eden space 20992K, 0% used [0x00000000d5580000,0x00000000d5580000,0x00000000d6a00000)
  from space 512K, 56% used [0x00000000d6d00000,0x00000000d6d48000,0x00000000d6d80000)
  to   space 1536K, 0% used [0x00000000d6a80000,0x00000000d6a80000,0x00000000d6c00000)
 ParOldGen       total 68608K, used 40604K [0x0000000080000000, 0x0000000084300000, 0x00000000d5580000)
  object space 68608K, 59% used [0x0000000080000000,0x00000000827a70e0,0x0000000084300000)
 Metaspace       used 52773K, committed 54144K, reserved 1114112K
  class space    used 5691K, committed 6272K, reserved 1048576K
}
Event: 27.654 GC heap before
{Heap before GC invocations=31 (full 2):
 PSYoungGen      total 21504K, used 21241K [0x00000000d5580000, 0x00000000d6d80000, 0x0000000100000000)
  eden space 20992K, 99% used [0x00000000d5580000,0x00000000d69f6730,0x00000000d6a00000)
  from space 512K, 56% used [0x00000000d6d00000,0x00000000d6d48000,0x00000000d6d80000)
  to   space 1536K, 0% used [0x00000000d6a80000,0x00000000d6a80000,0x00000000d6c00000)
 ParOldGen       total 68608K, used 40604K [0x0000000080000000, 0x0000000084300000, 0x00000000d5580000)
  object space 68608K, 59% used [0x0000000080000000,0x00000000827a70e0,0x0000000084300000)
 Metaspace       used 54159K, committed 55552K, reserved 1114112K
  class space    used 5817K, committed 6400K, reserved 1048576K
}
Event: 27.659 GC heap after
{Heap after GC invocations=31 (full 2):
 PSYoungGen      total 22528K, used 1517K [0x00000000d5580000, 0x00000000d7300000, 0x0000000100000000)
  eden space 20992K, 0% used [0x00000000d5580000,0x00000000d5580000,0x00000000d6a00000)
  from space 1536K, 98% used [0x00000000d6a80000,0x00000000d6bfb590,0x00000000d6c00000)
  to   space 4608K, 0% used [0x00000000d6e80000,0x00000000d6e80000,0x00000000d7300000)
 ParOldGen       total 68608K, used 42643K [0x0000000080000000, 0x0000000084300000, 0x00000000d5580000)
  object space 68608K, 62% used [0x0000000080000000,0x00000000829a4d88,0x0000000084300000)
 Metaspace       used 54159K, committed 55552K, reserved 1114112K
  class space    used 5817K, committed 6400K, reserved 1048576K
}
Event: 28.138 GC heap before
{Heap before GC invocations=32 (full 2):
 PSYoungGen      total 22528K, used 22509K [0x00000000d5580000, 0x00000000d7300000, 0x0000000100000000)
  eden space 20992K, 100% used [0x00000000d5580000,0x00000000d6a00000,0x00000000d6a00000)
  from space 1536K, 98% used [0x00000000d6a80000,0x00000000d6bfb590,0x00000000d6c00000)
  to   space 4608K, 0% used [0x00000000d6e80000,0x00000000d6e80000,0x00000000d7300000)
 ParOldGen       total 68608K, used 42643K [0x0000000080000000, 0x0000000084300000, 0x00000000d5580000)
  object space 68608K, 62% used [0x0000000080000000,0x00000000829a4d88,0x0000000084300000)
 Metaspace       used 54944K, committed 56320K, reserved 1114112K
  class space    used 5894K, committed 6464K, reserved 1048576K
}
Event: 28.140 GC heap after
{Heap after GC invocations=32 (full 2):
 PSYoungGen      total 25600K, used 4105K [0x00000000d5580000, 0x00000000d7300000, 0x0000000100000000)
  eden space 20992K, 0% used [0x00000000d5580000,0x00000000d5580000,0x00000000d6a00000)
  from space 4608K, 89% used [0x00000000d6e80000,0x00000000d72826a8,0x00000000d7300000)
  to   space 4608K, 0% used [0x00000000d6a00000,0x00000000d6a00000,0x00000000d6e80000)
 ParOldGen       total 68608K, used 44185K [0x0000000080000000, 0x0000000084300000, 0x00000000d5580000)
  object space 68608K, 64% used [0x0000000080000000,0x0000000082b26588,0x0000000084300000)
 Metaspace       used 54944K, committed 56320K, reserved 1114112K
  class space    used 5894K, committed 6464K, reserved 1048576K
}
Event: 28.353 GC heap before
{Heap before GC invocations=33 (full 2):
 PSYoungGen      total 25600K, used 25097K [0x00000000d5580000, 0x00000000d7300000, 0x0000000100000000)
  eden space 20992K, 100% used [0x00000000d5580000,0x00000000d6a00000,0x00000000d6a00000)
  from space 4608K, 89% used [0x00000000d6e80000,0x00000000d72826a8,0x00000000d7300000)
  to   space 4608K, 0% used [0x00000000d6a00000,0x00000000d6a00000,0x00000000d6e80000)
 ParOldGen       total 68608K, used 44185K [0x0000000080000000, 0x0000000084300000, 0x00000000d5580000)
  object space 68608K, 64% used [0x0000000080000000,0x0000000082b26588,0x0000000084300000)
 Metaspace       used 55175K, committed 56512K, reserved 1114112K
  class space    used 5913K, committed 6464K, reserved 1048576K
}
Event: 28.356 GC heap after
{Heap after GC invocations=33 (full 2):
 PSYoungGen      total 22528K, used 1456K [0x00000000d5580000, 0x00000000d6f00000, 0x0000000100000000)
  eden space 20992K, 0% used [0x00000000d5580000,0x00000000d5580000,0x00000000d6a00000)
  from space 1536K, 94% used [0x00000000d6a00000,0x00000000d6b6c030,0x00000000d6b80000)
  to   space 2560K, 0% used [0x00000000d6c80000,0x00000000d6c80000,0x00000000d6f00000)
 ParOldGen       total 68608K, used 48063K [0x0000000080000000, 0x0000000084300000, 0x00000000d5580000)
  object space 68608K, 70% used [0x0000000080000000,0x0000000082eefd30,0x0000000084300000)
 Metaspace       used 55175K, committed 56512K, reserved 1114112K
  class space    used 5913K, committed 6464K, reserved 1048576K
}
Event: 28.471 GC heap before
{Heap before GC invocations=34 (full 2):
 PSYoungGen      total 22528K, used 22445K [0x00000000d5580000, 0x00000000d6f00000, 0x0000000100000000)
  eden space 20992K, 99% used [0x00000000d5580000,0x00000000d69ff4a8,0x00000000d6a00000)
  from space 1536K, 94% used [0x00000000d6a00000,0x00000000d6b6c030,0x00000000d6b80000)
  to   space 2560K, 0% used [0x00000000d6c80000,0x00000000d6c80000,0x00000000d6f00000)
 ParOldGen       total 68608K, used 48063K [0x0000000080000000, 0x0000000084300000, 0x00000000d5580000)
  object space 68608K, 70% used [0x0000000080000000,0x0000000082eefd30,0x0000000084300000)
 Metaspace       used 55275K, committed 56640K, reserved 1114112K
  class space    used 5917K, committed 6528K, reserved 1048576K
}
Event: 28.473 GC heap after
{Heap after GC invocations=34 (full 2):
 PSYoungGen      total 23040K, used 1568K [0x00000000d5580000, 0x00000000d6e80000, 0x0000000100000000)
  eden space 20992K, 0% used [0x00000000d5580000,0x00000000d5580000,0x00000000d6a00000)
  from space 2048K, 76% used [0x00000000d6c80000,0x00000000d6e08080,0x00000000d6e80000)
  to   space 2048K, 0% used [0x00000000d6a80000,0x00000000d6a80000,0x00000000d6c80000)
 ParOldGen       total 68608K, used 49475K [0x0000000080000000, 0x0000000084300000, 0x00000000d5580000)
  object space 68608K, 72% used [0x0000000080000000,0x0000000083050e00,0x0000000084300000)
 Metaspace       used 55275K, committed 56640K, reserved 1114112K
  class space    used 5917K, committed 6528K, reserved 1048576K
}
Event: 28.863 GC heap before
{Heap before GC invocations=35 (full 2):
 PSYoungGen      total 23040K, used 22560K [0x00000000d5580000, 0x00000000d6e80000, 0x0000000100000000)
  eden space 20992K, 100% used [0x00000000d5580000,0x00000000d6a00000,0x00000000d6a00000)
  from space 2048K, 76% used [0x00000000d6c80000,0x00000000d6e08080,0x00000000d6e80000)
  to   space 2048K, 0% used [0x00000000d6a80000,0x00000000d6a80000,0x00000000d6c80000)
 ParOldGen       total 68608K, used 49475K [0x0000000080000000, 0x0000000084300000, 0x00000000d5580000)
  object space 68608K, 72% used [0x0000000080000000,0x0000000083050e00,0x0000000084300000)
 Metaspace       used 56333K, committed 57728K, reserved 1114112K
  class space    used 6006K, committed 6592K, reserved 1048576K
}
Event: 28.866 GC heap after
{Heap after GC invocations=35 (full 2):
 PSYoungGen      total 23040K, used 2032K [0x00000000d5580000, 0x00000000d7300000, 0x0000000100000000)
  eden space 20992K, 0% used [0x00000000d5580000,0x00000000d5580000,0x00000000d6a00000)
  from space 2048K, 99% used [0x00000000d6a80000,0x00000000d6c7c3b0,0x00000000d6c80000)
  to   space 4608K, 0% used [0x00000000d6e80000,0x00000000d6e80000,0x00000000d7300000)
 ParOldGen       total 68608K, used 51557K [0x0000000080000000, 0x0000000084300000, 0x00000000d5580000)
  object space 68608K, 75% used [0x0000000080000000,0x00000000832596e0,0x0000000084300000)
 Metaspace       used 56333K, committed 57728K, reserved 1114112K
  class space    used 6006K, committed 6592K, reserved 1048576K
}
Event: 29.094 GC heap before
{Heap before GC invocations=36 (full 2):
 PSYoungGen      total 23040K, used 23024K [0x00000000d5580000, 0x00000000d7300000, 0x0000000100000000)
  eden space 20992K, 100% used [0x00000000d5580000,0x00000000d6a00000,0x00000000d6a00000)
  from space 2048K, 99% used [0x00000000d6a80000,0x00000000d6c7c3b0,0x00000000d6c80000)
  to   space 4608K, 0% used [0x00000000d6e80000,0x00000000d6e80000,0x00000000d7300000)
 ParOldGen       total 68608K, used 51557K [0x0000000080000000, 0x0000000084300000, 0x00000000d5580000)
  object space 68608K, 75% used [0x0000000080000000,0x00000000832596e0,0x0000000084300000)
 Metaspace       used 56696K, committed 58048K, reserved 1114112K
  class space    used 6007K, committed 6592K, reserved 1048576K
}
Event: 29.096 GC heap after
{Heap after GC invocations=36 (full 2):
 PSYoungGen      total 22528K, used 1265K [0x00000000d5580000, 0x00000000d7000000, 0x0000000100000000)
  eden space 20992K, 0% used [0x00000000d5580000,0x00000000d5580000,0x00000000d6a00000)
  from space 1536K, 82% used [0x00000000d6e80000,0x00000000d6fbc6d8,0x00000000d7000000)
  to   space 2560K, 0% used [0x00000000d6b00000,0x00000000d6b00000,0x00000000d6d80000)
 ParOldGen       total 68608K, used 53570K [0x0000000080000000, 0x0000000084300000, 0x00000000d5580000)
  object space 68608K, 78% used [0x0000000080000000,0x00000000834508b8,0x0000000084300000)
 Metaspace       used 56696K, committed 58048K, reserved 1114112K
  class space    used 6007K, committed 6592K, reserved 1048576K
}
Event: 31.566 GC heap before
{Heap before GC invocations=37 (full 2):
 PSYoungGen      total 22528K, used 22256K [0x00000000d5580000, 0x00000000d7000000, 0x0000000100000000)
  eden space 20992K, 99% used [0x00000000d5580000,0x00000000d69ffb50,0x00000000d6a00000)
  from space 1536K, 82% used [0x00000000d6e80000,0x00000000d6fbc6d8,0x00000000d7000000)
  to   space 2560K, 0% used [0x00000000d6b00000,0x00000000d6b00000,0x00000000d6d80000)
 ParOldGen       total 68608K, used 53570K [0x0000000080000000, 0x0000000084300000, 0x00000000d5580000)
  object space 68608K, 78% used [0x0000000080000000,0x00000000834508b8,0x0000000084300000)
 Metaspace       used 57589K, committed 58880K, reserved 1114112K
  class space    used 6126K, committed 6720K, reserved 1048576K
}
Event: 31.569 GC heap after
{Heap after GC invocations=37 (full 2):
 PSYoungGen      total 23552K, used 2556K [0x00000000d5580000, 0x00000000d7300000, 0x0000000100000000)
  eden space 20992K, 0% used [0x00000000d5580000,0x00000000d5580000,0x00000000d6a00000)
  from space 2560K, 99% used [0x00000000d6b00000,0x00000000d6d7f018,0x00000000d6d80000)
  to   space 4608K, 0% used [0x00000000d6e80000,0x00000000d6e80000,0x00000000d7300000)
 ParOldGen       total 68608K, used 54705K [0x0000000080000000, 0x0000000084300000, 0x00000000d5580000)
  object space 68608K, 79% used [0x0000000080000000,0x000000008356c5b0,0x0000000084300000)
 Metaspace       used 57589K, committed 58880K, reserved 1114112K
  class space    used 6126K, committed 6720K, reserved 1048576K
}
Event: 33.005 GC heap before
{Heap before GC invocations=38 (full 2):
 PSYoungGen      total 23552K, used 18766K [0x00000000d5580000, 0x00000000d7300000, 0x0000000100000000)
  eden space 20992K, 77% used [0x00000000d5580000,0x00000000d6554ad0,0x00000000d6a00000)
  from space 2560K, 99% used [0x00000000d6b00000,0x00000000d6d7f018,0x00000000d6d80000)
  to   space 4608K, 0% used [0x00000000d6e80000,0x00000000d6e80000,0x00000000d7300000)
 ParOldGen       total 68608K, used 54705K [0x0000000080000000, 0x0000000084300000, 0x00000000d5580000)
  object space 68608K, 79% used [0x0000000080000000,0x000000008356c5b0,0x0000000084300000)
 Metaspace       used 58416K, committed 59776K, reserved 1114112K
  class space    used 6160K, committed 6784K, reserved 1048576K
}
Event: 33.008 GC heap after
{Heap after GC invocations=38 (full 2):
 PSYoungGen      total 24064K, used 2745K [0x00000000d5580000, 0x00000000d7180000, 0x0000000100000000)
  eden space 20992K, 0% used [0x00000000d5580000,0x00000000d5580000,0x00000000d6a00000)
  from space 3072K, 89% used [0x00000000d6e80000,0x00000000d712e6c0,0x00000000d7180000)
  to   space 3584K, 0% used [0x00000000d6a80000,0x00000000d6a80000,0x00000000d6e00000)
 ParOldGen       total 68608K, used 56744K [0x0000000080000000, 0x0000000084300000, 0x00000000d5580000)
  object space 68608K, 82% used [0x0000000080000000,0x000000008376a1c8,0x0000000084300000)
 Metaspace       used 58416K, committed 59776K, reserved 1114112K
  class space    used 6160K, committed 6784K, reserved 1048576K
}
Event: 33.008 GC heap before
{Heap before GC invocations=39 (full 3):
 PSYoungGen      total 24064K, used 2745K [0x00000000d5580000, 0x00000000d7180000, 0x0000000100000000)
  eden space 20992K, 0% used [0x00000000d5580000,0x00000000d5580000,0x00000000d6a00000)
  from space 3072K, 89% used [0x00000000d6e80000,0x00000000d712e6c0,0x00000000d7180000)
  to   space 3584K, 0% used [0x00000000d6a80000,0x00000000d6a80000,0x00000000d6e00000)
 ParOldGen       total 68608K, used 56744K [0x0000000080000000, 0x0000000084300000, 0x00000000d5580000)
  object space 68608K, 82% used [0x0000000080000000,0x000000008376a1c8,0x0000000084300000)
 Metaspace       used 58416K, committed 59776K, reserved 1114112K
  class space    used 6160K, committed 6784K, reserved 1048576K
}
Event: 33.071 GC heap after
{Heap after GC invocations=39 (full 3):
 PSYoungGen      total 24064K, used 0K [0x00000000d5580000, 0x00000000d7180000, 0x0000000100000000)
  eden space 20992K, 0% used [0x00000000d5580000,0x00000000d5580000,0x00000000d6a00000)
  from space 3072K, 0% used [0x00000000d6e80000,0x00000000d6e80000,0x00000000d7180000)
  to   space 3584K, 0% used [0x00000000d6a80000,0x00000000d6a80000,0x00000000d6e00000)
 ParOldGen       total 68608K, used 55406K [0x0000000080000000, 0x0000000084300000, 0x00000000d5580000)
  object space 68608K, 80% used [0x0000000080000000,0x000000008361b8a0,0x0000000084300000)
 Metaspace       used 58416K, committed 59776K, reserved 1114112K
  class space    used 6160K, committed 6784K, reserved 1048576K
}

