# JRE version: OpenJDK Runtime Environment Temurin-21.0.8+9 (21.0.8+9) (build 21.0.8+9-LTS)
# Java VM: OpenJDK 64-Bit Server VM Temurin-21.0.8+9 (21.0.8+9-LTS, mixed mode, sharing, tiered, compressed oops, compressed class ptrs, parallel gc, windows-amd64)
GC Precious Log:
 CardTable entry size: 512
 CPUs: 12 total, 12 available
 Memory: 23916M
 Large Page Support: Disabled
 NUMA Support: Disabled
 Compressed Oops: Enabled (32-bit)
 Alignments: Space 512K, Generation 512K, Heap 2M
 Heap Min Capacity: 100M
 Heap Initial Capacity: 100M
 Heap Max Capacity: 2G
 Pre-touch: Disabled
 Parallel Workers: 10
Heap:
 PSYoungGen      total 23040K, used 20124K [0x00000000d5580000, 0x00000000d6f00000, 0x0000000100000000)
  eden space 20992K, 86% used [0x00000000d5580000,0x00000000d67510b8,0x00000000d6a00000)
  from space 2048K, 91% used [0x00000000d6d00000,0x00000000d6ed6200,0x00000000d6f00000)
  to   space 2560K, 0% used [0x00000000d6a00000,0x00000000d6a00000,0x00000000d6c80000)
 ParOldGen       total 68608K, used 41312K [0x0000000080000000, 0x0000000084300000, 0x00000000d5580000)
  object space 68608K, 60% used [0x0000000080000000,0x0000000082858378,0x0000000084300000)
 Metaspace       used 51857K, committed 53056K, reserved 1114112K
  class space    used 5678K, committed 6208K, reserved 1048576K
GC Heap History (20 events):
Event: 6.879 GC heap before
{Heap before GC invocations=19 (full 2):
 PSYoungGen      total 23552K, used 23296K [0x00000000d5580000, 0x00000000d7380000, 0x0000000100000000)
  eden space 22016K, 100% used [0x00000000d5580000,0x00000000d6b00000,0x00000000d6b00000)
  from space 1536K, 83% used [0x00000000d7200000,0x00000000d7340000,0x00000000d7380000)
  to   space 3072K, 0% used [0x00000000d6d80000,0x00000000d6d80000,0x00000000d7080000)
 ParOldGen       total 68608K, used 24469K [0x0000000080000000, 0x0000000084300000, 0x00000000d5580000)
  object space 68608K, 35% used [0x0000000080000000,0x00000000817e5528,0x0000000084300000)
 Metaspace       used 44908K, committed 46016K, reserved 1114112K
  class space    used 4870K, committed 5376K, reserved 1048576K
}
Event: 6.880 GC heap after
{Heap after GC invocations=19 (full 2):
 PSYoungGen      total 25088K, used 1274K [0x00000000d5580000, 0x00000000d7280000, 0x0000000100000000)
  eden space 22016K, 0% used [0x00000000d5580000,0x00000000d5580000,0x00000000d6b00000)
  from space 3072K, 41% used [0x00000000d6d80000,0x00000000d6ebeb38,0x00000000d7080000)
  to   space 2048K, 0% used [0x00000000d7080000,0x00000000d7080000,0x00000000d7280000)
 ParOldGen       total 68608K, used 25521K [0x0000000080000000, 0x0000000084300000, 0x00000000d5580000)
  object space 68608K, 37% used [0x0000000080000000,0x00000000818ec538,0x0000000084300000)
 Metaspace       used 44908K, committed 46016K, reserved 1114112K
  class space    used 4870K, committed 5376K, reserved 1048576K
}
Event: 7.136 GC heap before
{Heap before GC invocations=20 (full 2):
 PSYoungGen      total 25088K, used 23290K [0x00000000d5580000, 0x00000000d7280000, 0x0000000100000000)
  eden space 22016K, 100% used [0x00000000d5580000,0x00000000d6b00000,0x00000000d6b00000)
  from space 3072K, 41% used [0x00000000d6d80000,0x00000000d6ebeb38,0x00000000d7080000)
  to   space 2048K, 0% used [0x00000000d7080000,0x00000000d7080000,0x00000000d7280000)
 ParOldGen       total 68608K, used 25521K [0x0000000080000000, 0x0000000084300000, 0x00000000d5580000)
  object space 68608K, 37% used [0x0000000080000000,0x00000000818ec538,0x0000000084300000)
 Metaspace       used 47498K, committed 48576K, reserved 1114112K
  class space    used 5209K, committed 5696K, reserved 1048576K
}
Event: 7.138 GC heap after
{Heap after GC invocations=20 (full 2):
 PSYoungGen      total 23552K, used 1184K [0x00000000d5580000, 0x00000000d7200000, 0x0000000100000000)
  eden space 22016K, 0% used [0x00000000d5580000,0x00000000d5580000,0x00000000d6b00000)
  from space 1536K, 77% used [0x00000000d7080000,0x00000000d71a8000,0x00000000d7200000)
  to   space 1536K, 0% used [0x00000000d6f00000,0x00000000d6f00000,0x00000000d7080000)
 ParOldGen       total 68608K, used 26636K [0x0000000080000000, 0x0000000084300000, 0x00000000d5580000)
  object space 68608K, 38% used [0x0000000080000000,0x0000000081a03090,0x0000000084300000)
 Metaspace       used 47498K, committed 48576K, reserved 1114112K
  class space    used 5209K, committed 5696K, reserved 1048576K
}
Event: 7.537 GC heap before
{Heap before GC invocations=21 (full 2):
 PSYoungGen      total 23552K, used 23189K [0x00000000d5580000, 0x00000000d7200000, 0x0000000100000000)
  eden space 22016K, 99% used [0x00000000d5580000,0x00000000d6afd410,0x00000000d6b00000)
  from space 1536K, 77% used [0x00000000d7080000,0x00000000d71a8000,0x00000000d7200000)
  to   space 1536K, 0% used [0x00000000d6f00000,0x00000000d6f00000,0x00000000d7080000)
 ParOldGen       total 68608K, used 26636K [0x0000000080000000, 0x0000000084300000, 0x00000000d5580000)
  object space 68608K, 38% used [0x0000000080000000,0x0000000081a03090,0x0000000084300000)
 Metaspace       used 49198K, committed 50368K, reserved 1114112K
  class space    used 5426K, committed 5952K, reserved 1048576K
}
Event: 7.540 GC heap after
{Heap after GC invocations=21 (full 2):
 PSYoungGen      total 23552K, used 1529K [0x00000000d5580000, 0x00000000d7200000, 0x0000000100000000)
  eden space 22016K, 0% used [0x00000000d5580000,0x00000000d5580000,0x00000000d6b00000)
  from space 1536K, 99% used [0x00000000d6f00000,0x00000000d707e620,0x00000000d7080000)
  to   space 1536K, 0% used [0x00000000d7080000,0x00000000d7080000,0x00000000d7200000)
 ParOldGen       total 68608K, used 28095K [0x0000000080000000, 0x0000000084300000, 0x00000000d5580000)
  object space 68608K, 40% used [0x0000000080000000,0x0000000081b6fc00,0x0000000084300000)
 Metaspace       used 49198K, committed 50368K, reserved 1114112K
  class space    used 5426K, committed 5952K, reserved 1048576K
}
Event: 7.837 GC heap before
{Heap before GC invocations=22 (full 2):
 PSYoungGen      total 23552K, used 23545K [0x00000000d5580000, 0x00000000d7200000, 0x0000000100000000)
  eden space 22016K, 100% used [0x00000000d5580000,0x00000000d6b00000,0x00000000d6b00000)
  from space 1536K, 99% used [0x00000000d6f00000,0x00000000d707e620,0x00000000d7080000)
  to   space 1536K, 0% used [0x00000000d7080000,0x00000000d7080000,0x00000000d7200000)
 ParOldGen       total 68608K, used 28095K [0x0000000080000000, 0x0000000084300000, 0x00000000d5580000)
  object space 68608K, 40% used [0x0000000080000000,0x0000000081b6fc00,0x0000000084300000)
 Metaspace       used 50195K, committed 51328K, reserved 1114112K
  class space    used 5505K, committed 6016K, reserved 1048576K
}
Event: 7.839 GC heap after
{Heap after GC invocations=22 (full 2):
 PSYoungGen      total 23552K, used 1504K [0x00000000d5580000, 0x00000000d7200000, 0x0000000100000000)
  eden space 22016K, 0% used [0x00000000d5580000,0x00000000d5580000,0x00000000d6b00000)
  from space 1536K, 97% used [0x00000000d7080000,0x00000000d71f8030,0x00000000d7200000)
  to   space 3584K, 0% used [0x00000000d6b00000,0x00000000d6b00000,0x00000000d6e80000)
 ParOldGen       total 68608K, used 29694K [0x0000000080000000, 0x0000000084300000, 0x00000000d5580000)
  object space 68608K, 43% used [0x0000000080000000,0x0000000081cffbf0,0x0000000084300000)
 Metaspace       used 50195K, committed 51328K, reserved 1114112K
  class space    used 5505K, committed 6016K, reserved 1048576K
}
Event: 7.882 GC heap before
{Heap before GC invocations=23 (full 2):
 PSYoungGen      total 23552K, used 23520K [0x00000000d5580000, 0x00000000d7200000, 0x0000000100000000)
  eden space 22016K, 100% used [0x00000000d5580000,0x00000000d6b00000,0x00000000d6b00000)
  from space 1536K, 97% used [0x00000000d7080000,0x00000000d71f8030,0x00000000d7200000)
  to   space 3584K, 0% used [0x00000000d6b00000,0x00000000d6b00000,0x00000000d6e80000)
 ParOldGen       total 68608K, used 29694K [0x0000000080000000, 0x0000000084300000, 0x00000000d5580000)
  object space 68608K, 43% used [0x0000000080000000,0x0000000081cffbf0,0x0000000084300000)
 Metaspace       used 50198K, committed 51328K, reserved 1114112K
  class space    used 5505K, committed 6016K, reserved 1048576K
}
Event: 7.884 GC heap after
{Heap after GC invocations=23 (full 2):
 PSYoungGen      total 25600K, used 2112K [0x00000000d5580000, 0x00000000d7100000, 0x0000000100000000)
  eden space 22016K, 0% used [0x00000000d5580000,0x00000000d5580000,0x00000000d6b00000)
  from space 3584K, 58% used [0x00000000d6b00000,0x00000000d6d10010,0x00000000d6e80000)
  to   space 2560K, 0% used [0x00000000d6e80000,0x00000000d6e80000,0x00000000d7100000)
 ParOldGen       total 68608K, used 31187K [0x0000000080000000, 0x0000000084300000, 0x00000000d5580000)
  object space 68608K, 45% used [0x0000000080000000,0x0000000081e74f88,0x0000000084300000)
 Metaspace       used 50198K, committed 51328K, reserved 1114112K
  class space    used 5505K, committed 6016K, reserved 1048576K
}
Event: 7.998 GC heap before
{Heap before GC invocations=24 (full 2):
 PSYoungGen      total 25600K, used 24128K [0x00000000d5580000, 0x00000000d7100000, 0x0000000100000000)
  eden space 22016K, 100% used [0x00000000d5580000,0x00000000d6b00000,0x00000000d6b00000)
  from space 3584K, 58% used [0x00000000d6b00000,0x00000000d6d10010,0x00000000d6e80000)
  to   space 2560K, 0% used [0x00000000d6e80000,0x00000000d6e80000,0x00000000d7100000)
 ParOldGen       total 68608K, used 31187K [0x0000000080000000, 0x0000000084300000, 0x00000000d5580000)
  object space 68608K, 45% used [0x0000000080000000,0x0000000081e74f88,0x0000000084300000)
 Metaspace       used 50756K, committed 51904K, reserved 1114112K
  class space    used 5587K, committed 6080K, reserved 1048576K
}
Event: 8.001 GC heap after
{Heap after GC invocations=24 (full 2):
 PSYoungGen      total 24576K, used 2402K [0x00000000d5580000, 0x00000000d7100000, 0x0000000100000000)
  eden space 22016K, 0% used [0x00000000d5580000,0x00000000d5580000,0x00000000d6b00000)
  from space 2560K, 93% used [0x00000000d6e80000,0x00000000d70d8820,0x00000000d7100000)
  to   space 2560K, 0% used [0x00000000d6c00000,0x00000000d6c00000,0x00000000d6e80000)
 ParOldGen       total 68608K, used 33083K [0x0000000080000000, 0x0000000084300000, 0x00000000d5580000)
  object space 68608K, 48% used [0x0000000080000000,0x000000008204ef88,0x0000000084300000)
 Metaspace       used 50756K, committed 51904K, reserved 1114112K
  class space    used 5587K, committed 6080K, reserved 1048576K
}
Event: 8.055 GC heap before
{Heap before GC invocations=25 (full 2):
 PSYoungGen      total 24576K, used 24418K [0x00000000d5580000, 0x00000000d7100000, 0x0000000100000000)
  eden space 22016K, 100% used [0x00000000d5580000,0x00000000d6b00000,0x00000000d6b00000)
  from space 2560K, 93% used [0x00000000d6e80000,0x00000000d70d8820,0x00000000d7100000)
  to   space 2560K, 0% used [0x00000000d6c00000,0x00000000d6c00000,0x00000000d6e80000)
 ParOldGen       total 68608K, used 33083K [0x0000000080000000, 0x0000000084300000, 0x00000000d5580000)
  object space 68608K, 48% used [0x0000000080000000,0x000000008204ef88,0x0000000084300000)
 Metaspace       used 50778K, committed 51904K, reserved 1114112K
  class space    used 5587K, committed 6080K, reserved 1048576K
}
Event: 8.059 GC heap after
{Heap after GC invocations=25 (full 2):
 PSYoungGen      total 24576K, used 2080K [0x00000000d5580000, 0x00000000d7000000, 0x0000000100000000)
  eden space 22016K, 0% used [0x00000000d5580000,0x00000000d5580000,0x00000000d6b00000)
  from space 2560K, 81% used [0x00000000d6c00000,0x00000000d6e08000,0x00000000d6e80000)
  to   space 1536K, 0% used [0x00000000d6e80000,0x00000000d6e80000,0x00000000d7000000)
 ParOldGen       total 68608K, used 35298K [0x0000000080000000, 0x0000000084300000, 0x00000000d5580000)
  object space 68608K, 51% used [0x0000000080000000,0x00000000822788b8,0x0000000084300000)
 Metaspace       used 50778K, committed 51904K, reserved 1114112K
  class space    used 5587K, committed 6080K, reserved 1048576K
}
Event: 8.106 GC heap before
{Heap before GC invocations=26 (full 2):
 PSYoungGen      total 24576K, used 24096K [0x00000000d5580000, 0x00000000d7000000, 0x0000000100000000)
  eden space 22016K, 100% used [0x00000000d5580000,0x00000000d6b00000,0x00000000d6b00000)
  from space 2560K, 81% used [0x00000000d6c00000,0x00000000d6e08000,0x00000000d6e80000)
  to   space 1536K, 0% used [0x00000000d6e80000,0x00000000d6e80000,0x00000000d7000000)
 ParOldGen       total 68608K, used 35298K [0x0000000080000000, 0x0000000084300000, 0x00000000d5580000)
  object space 68608K, 51% used [0x0000000080000000,0x00000000822788b8,0x0000000084300000)
 Metaspace       used 50783K, committed 51904K, reserved 1114112K
  class space    used 5587K, committed 6080K, reserved 1048576K
}
Event: 8.110 GC heap after
{Heap after GC invocations=26 (full 2):
 PSYoungGen      total 22528K, used 1536K [0x00000000d5580000, 0x00000000d7400000, 0x0000000100000000)
  eden space 20992K, 0% used [0x00000000d5580000,0x00000000d5580000,0x00000000d6a00000)
  from space 1536K, 100% used [0x00000000d6e80000,0x00000000d7000000,0x00000000d7000000)
  to   space 4608K, 0% used [0x00000000d6a00000,0x00000000d6a00000,0x00000000d6e80000)
 ParOldGen       total 68608K, used 37736K [0x0000000080000000, 0x0000000084300000, 0x00000000d5580000)
  object space 68608K, 55% used [0x0000000080000000,0x00000000824da368,0x0000000084300000)
 Metaspace       used 50783K, committed 51904K, reserved 1114112K
  class space    used 5587K, committed 6080K, reserved 1048576K
}
Event: 8.176 GC heap before
{Heap before GC invocations=27 (full 2):
 PSYoungGen      total 22528K, used 22528K [0x00000000d5580000, 0x00000000d7400000, 0x0000000100000000)
  eden space 20992K, 100% used [0x00000000d5580000,0x00000000d6a00000,0x00000000d6a00000)
  from space 1536K, 100% used [0x00000000d6e80000,0x00000000d7000000,0x00000000d7000000)
  to   space 4608K, 0% used [0x00000000d6a00000,0x00000000d6a00000,0x00000000d6e80000)
 ParOldGen       total 68608K, used 37736K [0x0000000080000000, 0x0000000084300000, 0x00000000d5580000)
  object space 68608K, 55% used [0x0000000080000000,0x00000000824da368,0x0000000084300000)
 Metaspace       used 50815K, committed 51904K, reserved 1114112K
  class space    used 5587K, committed 6080K, reserved 1048576K
}
Event: 8.179 GC heap after
{Heap after GC invocations=27 (full 2):
 PSYoungGen      total 23552K, used 2144K [0x00000000d5580000, 0x00000000d7000000, 0x0000000100000000)
  eden space 20992K, 0% used [0x00000000d5580000,0x00000000d5580000,0x00000000d6a00000)
  from space 2560K, 83% used [0x00000000d6a00000,0x00000000d6c18010,0x00000000d6c80000)
  to   space 3072K, 0% used [0x00000000d6d00000,0x00000000d6d00000,0x00000000d7000000)
 ParOldGen       total 68608K, used 39296K [0x0000000080000000, 0x0000000084300000, 0x00000000d5580000)
  object space 68608K, 57% used [0x0000000080000000,0x0000000082660368,0x0000000084300000)
 Metaspace       used 50815K, committed 51904K, reserved 1114112K
  class space    used 5587K, committed 6080K, reserved 1048576K
}
Event: 8.222 GC heap before
{Heap before GC invocations=28 (full 2):
 PSYoungGen      total 23552K, used 23136K [0x00000000d5580000, 0x00000000d7000000, 0x0000000100000000)
  eden space 20992K, 100% used [0x00000000d5580000,0x00000000d6a00000,0x00000000d6a00000)
  from space 2560K, 83% used [0x00000000d6a00000,0x00000000d6c18010,0x00000000d6c80000)
  to   space 3072K, 0% used [0x00000000d6d00000,0x00000000d6d00000,0x00000000d7000000)
 ParOldGen       total 68608K, used 39296K [0x0000000080000000, 0x0000000084300000, 0x00000000d5580000)
  object space 68608K, 57% used [0x0000000080000000,0x0000000082660368,0x0000000084300000)
 Metaspace       used 50822K, committed 51904K, reserved 1114112K
  class space    used 5587K, committed 6080K, reserved 1048576K
}
Event: 8.225 GC heap after
{Heap after GC invocations=28 (full 2):
 PSYoungGen      total 23040K, used 1880K [0x00000000d5580000, 0x00000000d6f00000, 0x0000000100000000)
  eden space 20992K, 0% used [0x00000000d5580000,0x00000000d5580000,0x00000000d6a00000)
  from space 2048K, 91% used [0x00000000d6d00000,0x00000000d6ed6200,0x00000000d6f00000)
  to   space 2560K, 0% used [0x00000000d6a00000,0x00000000d6a00000,0x00000000d6c80000)
 ParOldGen       total 68608K, used 41312K [0x0000000080000000, 0x0000000084300000, 0x00000000d5580000)
  object space 68608K, 60% used [0x0000000080000000,0x0000000082858378,0x0000000084300000)
 Metaspace       used 50822K, committed 51904K, reserved 1114112K
  class space    used 5587K, committed 6080K, reserved 1048576K
}

