# JRE version: OpenJDK Runtime Environment Temurin-21.0.8+9 (21.0.8+9) (build 21.0.8+9-LTS)
# Java VM: OpenJDK 64-Bit Server VM Temurin-21.0.8+9 (21.0.8+9-LTS, mixed mode, sharing, tiered, compressed oops, compressed class ptrs, parallel gc, windows-amd64)
GC Precious Log:
 CardTable entry size: 512
 CPUs: 12 total, 12 available
 Memory: 23916M
 Large Page Support: Disabled
 NUMA Support: Disabled
 Compressed Oops: Enabled (32-bit)
 Alignments: Space 512K, Generation 512K, Heap 2M
 Heap Min Capacity: 100M
 Heap Initial Capacity: 100M
 Heap Max Capacity: 2G
 Pre-touch: Disabled
 Parallel Workers: 10
Heap:
 PSYoungGen      total 9728K, used 3355K [0x00000000d5580000, 0x00000000d6080000, 0x0000000100000000)
  eden space 9216K, 32% used [0x00000000d5580000,0x00000000d5872cd8,0x00000000d5e80000)
  from space 512K, 65% used [0x00000000d5f80000,0x00000000d5fd4010,0x00000000d6000000)
  to   space 512K, 0% used [0x00000000d6000000,0x00000000d6000000,0x00000000d6080000)
 ParOldGen       total 136192K, used 135882K [0x0000000080000000, 0x0000000088500000, 0x00000000d5580000)
  object space 136192K, 99% used [0x0000000080000000,0x00000000884b2bf8,0x0000000088500000)
 Metaspace       used 77918K, committed 79616K, reserved 1179648K
  class space    used 8768K, committed 9536K, reserved 1048576K
GC Heap History (20 events):
Event: 26936.757 GC heap before
{Heap before GC invocations=155 (full 3):
 PSYoungGen      total 9728K, used 9600K [0x00000000d5580000, 0x00000000d6100000, 0x0000000100000000)
  eden space 9216K, 100% used [0x00000000d5580000,0x00000000d5e80000,0x00000000d5e80000)
  from space 512K, 75% used [0x00000000d6000000,0x00000000d6060000,0x00000000d6080000)
  to   space 512K, 0% used [0x00000000d6080000,0x00000000d6080000,0x00000000d6100000)
 ParOldGen       total 135168K, used 134824K [0x0000000080000000, 0x0000000088400000, 0x00000000d5580000)
  object space 135168K, 99% used [0x0000000080000000,0x00000000883aa390,0x0000000088400000)
 Metaspace       used 77866K, committed 79552K, reserved 1179648K
  class space    used 8766K, committed 9536K, reserved 1048576K
}
Event: 26936.757 GC heap after
{Heap after GC invocations=155 (full 3):
 PSYoungGen      total 9728K, used 320K [0x00000000d5580000, 0x00000000d6100000, 0x0000000100000000)
  eden space 9216K, 0% used [0x00000000d5580000,0x00000000d5580000,0x00000000d5e80000)
  from space 512K, 62% used [0x00000000d6080000,0x00000000d60d0000,0x00000000d6100000)
  to   space 512K, 0% used [0x00000000d6000000,0x00000000d6000000,0x00000000d6080000)
 ParOldGen       total 135168K, used 134864K [0x0000000080000000, 0x0000000088400000, 0x00000000d5580000)
  object space 135168K, 99% used [0x0000000080000000,0x00000000883b4390,0x0000000088400000)
 Metaspace       used 77866K, committed 79552K, reserved 1179648K
  class space    used 8766K, committed 9536K, reserved 1048576K
}
Event: 26936.772 GC heap before
{Heap before GC invocations=156 (full 3):
 PSYoungGen      total 9728K, used 8963K [0x00000000d5580000, 0x00000000d6100000, 0x0000000100000000)
  eden space 9216K, 93% used [0x00000000d5580000,0x00000000d5df0de8,0x00000000d5e80000)
  from space 512K, 62% used [0x00000000d6080000,0x00000000d60d0000,0x00000000d6100000)
  to   space 512K, 0% used [0x00000000d6000000,0x00000000d6000000,0x00000000d6080000)
 ParOldGen       total 135168K, used 134864K [0x0000000080000000, 0x0000000088400000, 0x00000000d5580000)
  object space 135168K, 99% used [0x0000000080000000,0x00000000883b4390,0x0000000088400000)
 Metaspace       used 77870K, committed 79552K, reserved 1179648K
  class space    used 8767K, committed 9536K, reserved 1048576K
}
Event: 26936.773 GC heap after
{Heap after GC invocations=156 (full 3):
 PSYoungGen      total 9728K, used 320K [0x00000000d5580000, 0x00000000d6100000, 0x0000000100000000)
  eden space 9216K, 0% used [0x00000000d5580000,0x00000000d5580000,0x00000000d5e80000)
  from space 512K, 62% used [0x00000000d6000000,0x00000000d6050000,0x00000000d6080000)
  to   space 512K, 0% used [0x00000000d6080000,0x00000000d6080000,0x00000000d6100000)
 ParOldGen       total 135168K, used 134928K [0x0000000080000000, 0x0000000088400000, 0x00000000d5580000)
  object space 135168K, 99% used [0x0000000080000000,0x00000000883c4390,0x0000000088400000)
 Metaspace       used 77870K, committed 79552K, reserved 1179648K
  class space    used 8767K, committed 9536K, reserved 1048576K
}
Event: 26936.789 GC heap before
{Heap before GC invocations=157 (full 3):
 PSYoungGen      total 9728K, used 8933K [0x00000000d5580000, 0x00000000d6100000, 0x0000000100000000)
  eden space 9216K, 93% used [0x00000000d5580000,0x00000000d5de9670,0x00000000d5e80000)
  from space 512K, 62% used [0x00000000d6000000,0x00000000d6050000,0x00000000d6080000)
  to   space 512K, 0% used [0x00000000d6080000,0x00000000d6080000,0x00000000d6100000)
 ParOldGen       total 135168K, used 134928K [0x0000000080000000, 0x0000000088400000, 0x00000000d5580000)
  object space 135168K, 99% used [0x0000000080000000,0x00000000883c4390,0x0000000088400000)
 Metaspace       used 77879K, committed 79552K, reserved 1179648K
  class space    used 8767K, committed 9536K, reserved 1048576K
}
Event: 26936.790 GC heap after
{Heap after GC invocations=157 (full 3):
 PSYoungGen      total 9728K, used 288K [0x00000000d5580000, 0x00000000d6100000, 0x0000000100000000)
  eden space 9216K, 0% used [0x00000000d5580000,0x00000000d5580000,0x00000000d5e80000)
  from space 512K, 56% used [0x00000000d6080000,0x00000000d60c8000,0x00000000d6100000)
  to   space 512K, 0% used [0x00000000d6000000,0x00000000d6000000,0x00000000d6080000)
 ParOldGen       total 135168K, used 135000K [0x0000000080000000, 0x0000000088400000, 0x00000000d5580000)
  object space 135168K, 99% used [0x0000000080000000,0x00000000883d6390,0x0000000088400000)
 Metaspace       used 77879K, committed 79552K, reserved 1179648K
  class space    used 8767K, committed 9536K, reserved 1048576K
}
Event: 26936.799 GC heap before
{Heap before GC invocations=158 (full 3):
 PSYoungGen      total 9728K, used 8859K [0x00000000d5580000, 0x00000000d6100000, 0x0000000100000000)
  eden space 9216K, 93% used [0x00000000d5580000,0x00000000d5dded28,0x00000000d5e80000)
  from space 512K, 56% used [0x00000000d6080000,0x00000000d60c8000,0x00000000d6100000)
  to   space 512K, 0% used [0x00000000d6000000,0x00000000d6000000,0x00000000d6080000)
 ParOldGen       total 135168K, used 135000K [0x0000000080000000, 0x0000000088400000, 0x00000000d5580000)
  object space 135168K, 99% used [0x0000000080000000,0x00000000883d6390,0x0000000088400000)
 Metaspace       used 77879K, committed 79552K, reserved 1179648K
  class space    used 8767K, committed 9536K, reserved 1048576K
}
Event: 26936.800 GC heap after
{Heap after GC invocations=158 (full 3):
 PSYoungGen      total 9728K, used 256K [0x00000000d5580000, 0x00000000d6100000, 0x0000000100000000)
  eden space 9216K, 0% used [0x00000000d5580000,0x00000000d5580000,0x00000000d5e80000)
  from space 512K, 50% used [0x00000000d6000000,0x00000000d6040000,0x00000000d6080000)
  to   space 512K, 0% used [0x00000000d6080000,0x00000000d6080000,0x00000000d6100000)
 ParOldGen       total 135168K, used 135072K [0x0000000080000000, 0x0000000088400000, 0x00000000d5580000)
  object space 135168K, 99% used [0x0000000080000000,0x00000000883e8390,0x0000000088400000)
 Metaspace       used 77879K, committed 79552K, reserved 1179648K
  class space    used 8767K, committed 9536K, reserved 1048576K
}
Event: 26936.815 GC heap before
{Heap before GC invocations=159 (full 3):
 PSYoungGen      total 9728K, used 9218K [0x00000000d5580000, 0x00000000d6100000, 0x0000000100000000)
  eden space 9216K, 97% used [0x00000000d5580000,0x00000000d5e40818,0x00000000d5e80000)
  from space 512K, 50% used [0x00000000d6000000,0x00000000d6040000,0x00000000d6080000)
  to   space 512K, 0% used [0x00000000d6080000,0x00000000d6080000,0x00000000d6100000)
 ParOldGen       total 135168K, used 135072K [0x0000000080000000, 0x0000000088400000, 0x00000000d5580000)
  object space 135168K, 99% used [0x0000000080000000,0x00000000883e8390,0x0000000088400000)
 Metaspace       used 77885K, committed 79552K, reserved 1179648K
  class space    used 8767K, committed 9536K, reserved 1048576K
}
Event: 26936.816 GC heap after
{Heap after GC invocations=159 (full 3):
 PSYoungGen      total 9728K, used 256K [0x00000000d5580000, 0x00000000d6100000, 0x0000000100000000)
  eden space 9216K, 0% used [0x00000000d5580000,0x00000000d5580000,0x00000000d5e80000)
  from space 512K, 50% used [0x00000000d6080000,0x00000000d60c0000,0x00000000d6100000)
  to   space 512K, 0% used [0x00000000d6000000,0x00000000d6000000,0x00000000d6080000)
 ParOldGen       total 135168K, used 135136K [0x0000000080000000, 0x0000000088400000, 0x00000000d5580000)
  object space 135168K, 99% used [0x0000000080000000,0x00000000883f8390,0x0000000088400000)
 Metaspace       used 77885K, committed 79552K, reserved 1179648K
  class space    used 8767K, committed 9536K, reserved 1048576K
}
Event: 26936.834 GC heap before
{Heap before GC invocations=160 (full 3):
 PSYoungGen      total 9728K, used 9472K [0x00000000d5580000, 0x00000000d6100000, 0x0000000100000000)
  eden space 9216K, 100% used [0x00000000d5580000,0x00000000d5e80000,0x00000000d5e80000)
  from space 512K, 50% used [0x00000000d6080000,0x00000000d60c0000,0x00000000d6100000)
  to   space 512K, 0% used [0x00000000d6000000,0x00000000d6000000,0x00000000d6080000)
 ParOldGen       total 135168K, used 135136K [0x0000000080000000, 0x0000000088400000, 0x00000000d5580000)
  object space 135168K, 99% used [0x0000000080000000,0x00000000883f8390,0x0000000088400000)
 Metaspace       used 77896K, committed 79552K, reserved 1179648K
  class space    used 8768K, committed 9536K, reserved 1048576K
}
Event: 26936.835 GC heap after
{Heap after GC invocations=160 (full 3):
 PSYoungGen      total 9728K, used 256K [0x00000000d5580000, 0x00000000d6100000, 0x0000000100000000)
  eden space 9216K, 0% used [0x00000000d5580000,0x00000000d5580000,0x00000000d5e80000)
  from space 512K, 50% used [0x00000000d6000000,0x00000000d6040000,0x00000000d6080000)
  to   space 512K, 0% used [0x00000000d6080000,0x00000000d6080000,0x00000000d6100000)
 ParOldGen       total 135680K, used 135184K [0x0000000080000000, 0x0000000088480000, 0x00000000d5580000)
  object space 135680K, 99% used [0x0000000080000000,0x0000000088404390,0x0000000088480000)
 Metaspace       used 77896K, committed 79552K, reserved 1179648K
  class space    used 8768K, committed 9536K, reserved 1048576K
}
Event: 26936.884 GC heap before
{Heap before GC invocations=161 (full 3):
 PSYoungGen      total 9728K, used 9472K [0x00000000d5580000, 0x00000000d6100000, 0x0000000100000000)
  eden space 9216K, 100% used [0x00000000d5580000,0x00000000d5e80000,0x00000000d5e80000)
  from space 512K, 50% used [0x00000000d6000000,0x00000000d6040000,0x00000000d6080000)
  to   space 512K, 0% used [0x00000000d6080000,0x00000000d6080000,0x00000000d6100000)
 ParOldGen       total 135680K, used 135184K [0x0000000080000000, 0x0000000088480000, 0x00000000d5580000)
  object space 135680K, 99% used [0x0000000080000000,0x0000000088404390,0x0000000088480000)
 Metaspace       used 77912K, committed 79616K, reserved 1179648K
  class space    used 8768K, committed 9536K, reserved 1048576K
}
Event: 26936.885 GC heap after
{Heap after GC invocations=161 (full 3):
 PSYoungGen      total 9728K, used 512K [0x00000000d5580000, 0x00000000d6100000, 0x0000000100000000)
  eden space 9216K, 0% used [0x00000000d5580000,0x00000000d5580000,0x00000000d5e80000)
  from space 512K, 100% used [0x00000000d6080000,0x00000000d6100000,0x00000000d6100000)
  to   space 1024K, 0% used [0x00000000d5f00000,0x00000000d5f00000,0x00000000d6000000)
 ParOldGen       total 135680K, used 135248K [0x0000000080000000, 0x0000000088480000, 0x00000000d5580000)
  object space 135680K, 99% used [0x0000000080000000,0x0000000088414390,0x0000000088480000)
 Metaspace       used 77912K, committed 79616K, reserved 1179648K
  class space    used 8768K, committed 9536K, reserved 1048576K
}
Event: 26936.900 GC heap before
{Heap before GC invocations=162 (full 3):
 PSYoungGen      total 9728K, used 9728K [0x00000000d5580000, 0x00000000d6100000, 0x0000000100000000)
  eden space 9216K, 100% used [0x00000000d5580000,0x00000000d5e80000,0x00000000d5e80000)
  from space 512K, 100% used [0x00000000d6080000,0x00000000d6100000,0x00000000d6100000)
  to   space 1024K, 0% used [0x00000000d5f00000,0x00000000d5f00000,0x00000000d6000000)
 ParOldGen       total 135680K, used 135248K [0x0000000080000000, 0x0000000088480000, 0x00000000d5580000)
  object space 135680K, 99% used [0x0000000080000000,0x0000000088414390,0x0000000088480000)
 Metaspace       used 77915K, committed 79616K, reserved 1179648K
  class space    used 8768K, committed 9536K, reserved 1048576K
}
Event: 26936.901 GC heap after
{Heap after GC invocations=162 (full 3):
 PSYoungGen      total 10240K, used 604K [0x00000000d5580000, 0x00000000d6100000, 0x0000000100000000)
  eden space 9216K, 0% used [0x00000000d5580000,0x00000000d5580000,0x00000000d5e80000)
  from space 1024K, 59% used [0x00000000d5f00000,0x00000000d5f97220,0x00000000d6000000)
  to   space 1024K, 0% used [0x00000000d6000000,0x00000000d6000000,0x00000000d6100000)
 ParOldGen       total 135680K, used 135368K [0x0000000080000000, 0x0000000088480000, 0x00000000d5580000)
  object space 135680K, 99% used [0x0000000080000000,0x0000000088432390,0x0000000088480000)
 Metaspace       used 77915K, committed 79616K, reserved 1179648K
  class space    used 8768K, committed 9536K, reserved 1048576K
}
Event: 26936.913 GC heap before
{Heap before GC invocations=163 (full 3):
 PSYoungGen      total 10240K, used 9820K [0x00000000d5580000, 0x00000000d6100000, 0x0000000100000000)
  eden space 9216K, 100% used [0x00000000d5580000,0x00000000d5e80000,0x00000000d5e80000)
  from space 1024K, 59% used [0x00000000d5f00000,0x00000000d5f97220,0x00000000d6000000)
  to   space 1024K, 0% used [0x00000000d6000000,0x00000000d6000000,0x00000000d6100000)
 ParOldGen       total 135680K, used 135368K [0x0000000080000000, 0x0000000088480000, 0x00000000d5580000)
  object space 135680K, 99% used [0x0000000080000000,0x0000000088432390,0x0000000088480000)
 Metaspace       used 77915K, committed 79616K, reserved 1179648K
  class space    used 8768K, committed 9536K, reserved 1048576K
}
Event: 26936.914 GC heap after
{Heap after GC invocations=163 (full 3):
 PSYoungGen      total 9728K, used 416K [0x00000000d5580000, 0x00000000d6080000, 0x0000000100000000)
  eden space 9216K, 0% used [0x00000000d5580000,0x00000000d5580000,0x00000000d5e80000)
  from space 512K, 81% used [0x00000000d6000000,0x00000000d6068000,0x00000000d6080000)
  to   space 512K, 0% used [0x00000000d5f80000,0x00000000d5f80000,0x00000000d6000000)
 ParOldGen       total 136192K, used 135802K [0x0000000080000000, 0x0000000088500000, 0x00000000d5580000)
  object space 136192K, 99% used [0x0000000080000000,0x000000008849eab0,0x0000000088500000)
 Metaspace       used 77915K, committed 79616K, reserved 1179648K
  class space    used 8768K, committed 9536K, reserved 1048576K
}
Event: 26936.924 GC heap before
{Heap before GC invocations=164 (full 3):
 PSYoungGen      total 9728K, used 9632K [0x00000000d5580000, 0x00000000d6080000, 0x0000000100000000)
  eden space 9216K, 100% used [0x00000000d5580000,0x00000000d5e80000,0x00000000d5e80000)
  from space 512K, 81% used [0x00000000d6000000,0x00000000d6068000,0x00000000d6080000)
  to   space 512K, 0% used [0x00000000d5f80000,0x00000000d5f80000,0x00000000d6000000)
 ParOldGen       total 136192K, used 135802K [0x0000000080000000, 0x0000000088500000, 0x00000000d5580000)
  object space 136192K, 99% used [0x0000000080000000,0x000000008849eab0,0x0000000088500000)
 Metaspace       used 77917K, committed 79616K, reserved 1179648K
  class space    used 8768K, committed 9536K, reserved 1048576K
}
Event: 26936.924 GC heap after
{Heap after GC invocations=164 (full 3):
 PSYoungGen      total 9728K, used 336K [0x00000000d5580000, 0x00000000d6080000, 0x0000000100000000)
  eden space 9216K, 0% used [0x00000000d5580000,0x00000000d5580000,0x00000000d5e80000)
  from space 512K, 65% used [0x00000000d5f80000,0x00000000d5fd4010,0x00000000d6000000)
  to   space 512K, 0% used [0x00000000d6000000,0x00000000d6000000,0x00000000d6080000)
 ParOldGen       total 136192K, used 135882K [0x0000000080000000, 0x0000000088500000, 0x00000000d5580000)
  object space 136192K, 99% used [0x0000000080000000,0x00000000884b2bf8,0x0000000088500000)
 Metaspace       used 77917K, committed 79616K, reserved 1179648K
  class space    used 8768K, committed 9536K, reserved 1048576K
}

