# JRE version: OpenJDK Runtime Environment Temurin-21.0.8+9 (21.0.8+9) (build 21.0.8+9-LTS)
# Java VM: OpenJDK 64-Bit Server VM Temurin-21.0.8+9 (21.0.8+9-LTS, mixed mode, sharing, tiered, compressed oops, compressed class ptrs, parallel gc, windows-amd64)
GC Precious Log:
 CardTable entry size: 512
 CPUs: 12 total, 12 available
 Memory: 23916M
 Large Page Support: Disabled
 NUMA Support: Disabled
 Compressed Oops: Enabled (32-bit)
 Alignments: Space 512K, Generation 512K, Heap 2M
 Heap Min Capacity: 100M
 Heap Initial Capacity: 100M
 Heap Max Capacity: 2G
 Pre-touch: Disabled
 Parallel Workers: 10
Heap:
 PSYoungGen      total 17920K, used 10147K [0x00000000d5580000, 0x00000000d6980000, 0x0000000100000000)
  eden space 15360K, 51% used [0x00000000d5580000,0x00000000d5d4a608,0x00000000d6480000)
  from space 2560K, 84% used [0x00000000d6480000,0x00000000d669e818,0x00000000d6700000)
  to   space 2560K, 0% used [0x00000000d6700000,0x00000000d6700000,0x00000000d6980000)
 ParOldGen       total 98816K, used 98620K [0x0000000080000000, 0x0000000086080000, 0x00000000d5580000)
  object space 98816K, 99% used [0x0000000080000000,0x000000008604f2c0,0x0000000086080000)
 Metaspace       used 56296K, committed 57600K, reserved 1114112K
  class space    used 6011K, committed 6656K, reserved 1048576K
GC Heap History (20 events):
Event: 6.210 GC heap before
{Heap before GC invocations=45 (full 2):
 PSYoungGen      total 17920K, used 17797K [0x00000000d5580000, 0x00000000d6a80000, 0x0000000100000000)
  eden space 15360K, 100% used [0x00000000d5580000,0x00000000d6480000,0x00000000d6480000)
  from space 2560K, 95% used [0x00000000d6800000,0x00000000d6a615c8,0x00000000d6a80000)
  to   space 2560K, 0% used [0x00000000d6580000,0x00000000d6580000,0x00000000d6800000)
 ParOldGen       total 77312K, used 77110K [0x0000000080000000, 0x0000000084b80000, 0x00000000d5580000)
  object space 77312K, 99% used [0x0000000080000000,0x0000000084b4d858,0x0000000084b80000)
 Metaspace       used 54604K, committed 55936K, reserved 1114112K
  class space    used 5874K, committed 6464K, reserved 1048576K
}
Event: 6.212 GC heap after
{Heap after GC invocations=45 (full 2):
 PSYoungGen      total 17920K, used 2549K [0x00000000d5580000, 0x00000000d6f80000, 0x0000000100000000)
  eden space 15360K, 0% used [0x00000000d5580000,0x00000000d5580000,0x00000000d6480000)
  from space 2560K, 99% used [0x00000000d6580000,0x00000000d67fd460,0x00000000d6800000)
  to   space 5632K, 0% used [0x00000000d6a00000,0x00000000d6a00000,0x00000000d6f80000)
 ParOldGen       total 79872K, used 79709K [0x0000000080000000, 0x0000000084e00000, 0x00000000d5580000)
  object space 79872K, 99% used [0x0000000080000000,0x0000000084dd77d8,0x0000000084e00000)
 Metaspace       used 54604K, committed 55936K, reserved 1114112K
  class space    used 5874K, committed 6464K, reserved 1048576K
}
Event: 6.247 GC heap before
{Heap before GC invocations=46 (full 2):
 PSYoungGen      total 17920K, used 17909K [0x00000000d5580000, 0x00000000d6f80000, 0x0000000100000000)
  eden space 15360K, 100% used [0x00000000d5580000,0x00000000d6480000,0x00000000d6480000)
  from space 2560K, 99% used [0x00000000d6580000,0x00000000d67fd460,0x00000000d6800000)
  to   space 5632K, 0% used [0x00000000d6a00000,0x00000000d6a00000,0x00000000d6f80000)
 ParOldGen       total 79872K, used 79709K [0x0000000080000000, 0x0000000084e00000, 0x00000000d5580000)
  object space 79872K, 99% used [0x0000000080000000,0x0000000084dd77d8,0x0000000084e00000)
 Metaspace       used 54851K, committed 56128K, reserved 1114112K
  class space    used 5889K, committed 6464K, reserved 1048576K
}
Event: 6.249 GC heap after
{Heap after GC invocations=46 (full 2):
 PSYoungGen      total 18432K, used 2642K [0x00000000d5580000, 0x00000000d6d00000, 0x0000000100000000)
  eden space 15360K, 0% used [0x00000000d5580000,0x00000000d5580000,0x00000000d6480000)
  from space 3072K, 86% used [0x00000000d6a00000,0x00000000d6c94b90,0x00000000d6d00000)
  to   space 3584K, 0% used [0x00000000d6600000,0x00000000d6600000,0x00000000d6980000)
 ParOldGen       total 82432K, used 82224K [0x0000000080000000, 0x0000000085080000, 0x00000000d5580000)
  object space 82432K, 99% used [0x0000000080000000,0x000000008504c0d0,0x0000000085080000)
 Metaspace       used 54851K, committed 56128K, reserved 1114112K
  class space    used 5889K, committed 6464K, reserved 1048576K
}
Event: 6.268 GC heap before
{Heap before GC invocations=47 (full 2):
 PSYoungGen      total 18432K, used 18002K [0x00000000d5580000, 0x00000000d6d00000, 0x0000000100000000)
  eden space 15360K, 100% used [0x00000000d5580000,0x00000000d6480000,0x00000000d6480000)
  from space 3072K, 86% used [0x00000000d6a00000,0x00000000d6c94b90,0x00000000d6d00000)
  to   space 3584K, 0% used [0x00000000d6600000,0x00000000d6600000,0x00000000d6980000)
 ParOldGen       total 82432K, used 82224K [0x0000000080000000, 0x0000000085080000, 0x00000000d5580000)
  object space 82432K, 99% used [0x0000000080000000,0x000000008504c0d0,0x0000000085080000)
 Metaspace       used 54926K, committed 56256K, reserved 1114112K
  class space    used 5895K, committed 6528K, reserved 1048576K
}
Event: 6.269 GC heap after
{Heap after GC invocations=47 (full 2):
 PSYoungGen      total 18432K, used 2782K [0x00000000d5580000, 0x00000000d6a80000, 0x0000000100000000)
  eden space 15360K, 0% used [0x00000000d5580000,0x00000000d5580000,0x00000000d6480000)
  from space 3072K, 90% used [0x00000000d6600000,0x00000000d68b7b58,0x00000000d6900000)
  to   space 1536K, 0% used [0x00000000d6900000,0x00000000d6900000,0x00000000d6a80000)
 ParOldGen       total 84992K, used 84670K [0x0000000080000000, 0x0000000085300000, 0x00000000d5580000)
  object space 84992K, 99% used [0x0000000080000000,0x00000000852afa98,0x0000000085300000)
 Metaspace       used 54926K, committed 56256K, reserved 1114112K
  class space    used 5895K, committed 6528K, reserved 1048576K
}
Event: 6.290 GC heap before
{Heap before GC invocations=48 (full 2):
 PSYoungGen      total 18432K, used 18142K [0x00000000d5580000, 0x00000000d6a80000, 0x0000000100000000)
  eden space 15360K, 100% used [0x00000000d5580000,0x00000000d6480000,0x00000000d6480000)
  from space 3072K, 90% used [0x00000000d6600000,0x00000000d68b7b58,0x00000000d6900000)
  to   space 1536K, 0% used [0x00000000d6900000,0x00000000d6900000,0x00000000d6a80000)
 ParOldGen       total 84992K, used 84670K [0x0000000080000000, 0x0000000085300000, 0x00000000d5580000)
  object space 84992K, 99% used [0x0000000080000000,0x00000000852afa98,0x0000000085300000)
 Metaspace       used 54944K, committed 56256K, reserved 1114112K
  class space    used 5895K, committed 6528K, reserved 1048576K
}
Event: 6.292 GC heap after
{Heap after GC invocations=48 (full 2):
 PSYoungGen      total 16896K, used 1514K [0x00000000d5580000, 0x00000000d6c80000, 0x0000000100000000)
  eden space 15360K, 0% used [0x00000000d5580000,0x00000000d5580000,0x00000000d6480000)
  from space 1536K, 98% used [0x00000000d6900000,0x00000000d6a7a920,0x00000000d6a80000)
  to   space 4096K, 0% used [0x00000000d6480000,0x00000000d6480000,0x00000000d6880000)
 ParOldGen       total 87040K, used 86641K [0x0000000080000000, 0x0000000085500000, 0x00000000d5580000)
  object space 87040K, 99% used [0x0000000080000000,0x000000008549c480,0x0000000085500000)
 Metaspace       used 54944K, committed 56256K, reserved 1114112K
  class space    used 5895K, committed 6528K, reserved 1048576K
}
Event: 6.314 GC heap before
{Heap before GC invocations=49 (full 2):
 PSYoungGen      total 16896K, used 16874K [0x00000000d5580000, 0x00000000d6c80000, 0x0000000100000000)
  eden space 15360K, 100% used [0x00000000d5580000,0x00000000d6480000,0x00000000d6480000)
  from space 1536K, 98% used [0x00000000d6900000,0x00000000d6a7a920,0x00000000d6a80000)
  to   space 4096K, 0% used [0x00000000d6480000,0x00000000d6480000,0x00000000d6880000)
 ParOldGen       total 87040K, used 86641K [0x0000000080000000, 0x0000000085500000, 0x00000000d5580000)
  object space 87040K, 99% used [0x0000000080000000,0x000000008549c4b8,0x0000000085500000)
 Metaspace       used 54951K, committed 56256K, reserved 1114112K
  class space    used 5895K, committed 6528K, reserved 1048576K
}
Event: 6.315 GC heap after
{Heap after GC invocations=49 (full 2):
 PSYoungGen      total 17920K, used 2070K [0x00000000d5580000, 0x00000000d6a80000, 0x0000000100000000)
  eden space 15360K, 0% used [0x00000000d5580000,0x00000000d5580000,0x00000000d6480000)
  from space 2560K, 80% used [0x00000000d6480000,0x00000000d6685830,0x00000000d6700000)
  to   space 3072K, 0% used [0x00000000d6780000,0x00000000d6780000,0x00000000d6a80000)
 ParOldGen       total 88064K, used 87783K [0x0000000080000000, 0x0000000085600000, 0x00000000d5580000)
  object space 88064K, 99% used [0x0000000080000000,0x00000000855b9e88,0x0000000085600000)
 Metaspace       used 54951K, committed 56256K, reserved 1114112K
  class space    used 5895K, committed 6528K, reserved 1048576K
}
Event: 6.329 GC heap before
{Heap before GC invocations=50 (full 2):
 PSYoungGen      total 17920K, used 17430K [0x00000000d5580000, 0x00000000d6a80000, 0x0000000100000000)
  eden space 15360K, 100% used [0x00000000d5580000,0x00000000d6480000,0x00000000d6480000)
  from space 2560K, 80% used [0x00000000d6480000,0x00000000d6685830,0x00000000d6700000)
  to   space 3072K, 0% used [0x00000000d6780000,0x00000000d6780000,0x00000000d6a80000)
 ParOldGen       total 88576K, used 88112K [0x0000000080000000, 0x0000000085680000, 0x00000000d5580000)
  object space 88576K, 99% used [0x0000000080000000,0x000000008560c2c8,0x0000000085680000)
 Metaspace       used 54954K, committed 56256K, reserved 1114112K
  class space    used 5895K, committed 6528K, reserved 1048576K
}
Event: 6.331 GC heap after
{Heap after GC invocations=50 (full 2):
 PSYoungGen      total 16896K, used 1271K [0x00000000d5580000, 0x00000000d6900000, 0x0000000100000000)
  eden space 15360K, 0% used [0x00000000d5580000,0x00000000d5580000,0x00000000d6480000)
  from space 1536K, 82% used [0x00000000d6780000,0x00000000d68bdd90,0x00000000d6900000)
  to   space 2048K, 0% used [0x00000000d6500000,0x00000000d6500000,0x00000000d6700000)
 ParOldGen       total 89600K, used 89404K [0x0000000080000000, 0x0000000085780000, 0x00000000d5580000)
  object space 89600K, 99% used [0x0000000080000000,0x000000008574f2b0,0x0000000085780000)
 Metaspace       used 54954K, committed 56256K, reserved 1114112K
  class space    used 5895K, committed 6528K, reserved 1048576K
}
Event: 6.356 GC heap before
{Heap before GC invocations=51 (full 2):
 PSYoungGen      total 16896K, used 16631K [0x00000000d5580000, 0x00000000d6900000, 0x0000000100000000)
  eden space 15360K, 100% used [0x00000000d5580000,0x00000000d6480000,0x00000000d6480000)
  from space 1536K, 82% used [0x00000000d6780000,0x00000000d68bdd90,0x00000000d6900000)
  to   space 2048K, 0% used [0x00000000d6500000,0x00000000d6500000,0x00000000d6700000)
 ParOldGen       total 89600K, used 89404K [0x0000000080000000, 0x0000000085780000, 0x00000000d5580000)
  object space 89600K, 99% used [0x0000000080000000,0x000000008574f2b0,0x0000000085780000)
 Metaspace       used 55586K, committed 56832K, reserved 1114112K
  class space    used 5948K, committed 6528K, reserved 1048576K
}
Event: 6.357 GC heap after
{Heap after GC invocations=51 (full 2):
 PSYoungGen      total 17408K, used 1978K [0x00000000d5580000, 0x00000000d6980000, 0x0000000100000000)
  eden space 15360K, 0% used [0x00000000d5580000,0x00000000d5580000,0x00000000d6480000)
  from space 2048K, 96% used [0x00000000d6500000,0x00000000d66eebc0,0x00000000d6700000)
  to   space 2560K, 0% used [0x00000000d6700000,0x00000000d6700000,0x00000000d6980000)
 ParOldGen       total 90624K, used 90377K [0x0000000080000000, 0x0000000085880000, 0x00000000d5580000)
  object space 90624K, 99% used [0x0000000080000000,0x00000000858427d8,0x0000000085880000)
 Metaspace       used 55586K, committed 56832K, reserved 1114112K
  class space    used 5948K, committed 6528K, reserved 1048576K
}
Event: 6.392 GC heap before
{Heap before GC invocations=52 (full 2):
 PSYoungGen      total 17408K, used 17338K [0x00000000d5580000, 0x00000000d6980000, 0x0000000100000000)
  eden space 15360K, 100% used [0x00000000d5580000,0x00000000d6480000,0x00000000d6480000)
  from space 2048K, 96% used [0x00000000d6500000,0x00000000d66eebc0,0x00000000d6700000)
  to   space 2560K, 0% used [0x00000000d6700000,0x00000000d6700000,0x00000000d6980000)
 ParOldGen       total 90624K, used 90377K [0x0000000080000000, 0x0000000085880000, 0x00000000d5580000)
  object space 90624K, 99% used [0x0000000080000000,0x00000000858427d8,0x0000000085880000)
 Metaspace       used 56019K, committed 57280K, reserved 1114112K
  class space    used 5988K, committed 6592K, reserved 1048576K
}
Event: 6.394 GC heap after
{Heap after GC invocations=52 (full 2):
 PSYoungGen      total 17920K, used 2271K [0x00000000d5580000, 0x00000000d6980000, 0x0000000100000000)
  eden space 15360K, 0% used [0x00000000d5580000,0x00000000d5580000,0x00000000d6480000)
  from space 2560K, 88% used [0x00000000d6700000,0x00000000d6937fe0,0x00000000d6980000)
  to   space 2560K, 0% used [0x00000000d6480000,0x00000000d6480000,0x00000000d6700000)
 ParOldGen       total 92672K, used 92160K [0x0000000080000000, 0x0000000085a80000, 0x00000000d5580000)
  object space 92672K, 99% used [0x0000000080000000,0x0000000085a00198,0x0000000085a80000)
 Metaspace       used 56019K, committed 57280K, reserved 1114112K
  class space    used 5988K, committed 6592K, reserved 1048576K
}
Event: 6.418 GC heap before
{Heap before GC invocations=53 (full 2):
 PSYoungGen      total 17920K, used 17631K [0x00000000d5580000, 0x00000000d6980000, 0x0000000100000000)
  eden space 15360K, 100% used [0x00000000d5580000,0x00000000d6480000,0x00000000d6480000)
  from space 2560K, 88% used [0x00000000d6700000,0x00000000d6937fe0,0x00000000d6980000)
  to   space 2560K, 0% used [0x00000000d6480000,0x00000000d6480000,0x00000000d6700000)
 ParOldGen       total 92672K, used 92160K [0x0000000080000000, 0x0000000085a80000, 0x00000000d5580000)
  object space 92672K, 99% used [0x0000000080000000,0x0000000085a00198,0x0000000085a80000)
 Metaspace       used 56095K, committed 57408K, reserved 1114112K
  class space    used 5994K, committed 6592K, reserved 1048576K
}
Event: 6.420 GC heap after
{Heap after GC invocations=53 (full 2):
 PSYoungGen      total 17920K, used 2448K [0x00000000d5580000, 0x00000000d6980000, 0x0000000100000000)
  eden space 15360K, 0% used [0x00000000d5580000,0x00000000d5580000,0x00000000d6480000)
  from space 2560K, 95% used [0x00000000d6480000,0x00000000d66e4170,0x00000000d6700000)
  to   space 2560K, 0% used [0x00000000d6700000,0x00000000d6700000,0x00000000d6980000)
 ParOldGen       total 94720K, used 94240K [0x0000000080000000, 0x0000000085c80000, 0x00000000d5580000)
  object space 94720K, 99% used [0x0000000080000000,0x0000000085c08258,0x0000000085c80000)
 Metaspace       used 56095K, committed 57408K, reserved 1114112K
  class space    used 5994K, committed 6592K, reserved 1048576K
}
Event: 6.445 GC heap before
{Heap before GC invocations=54 (full 2):
 PSYoungGen      total 17920K, used 17808K [0x00000000d5580000, 0x00000000d6980000, 0x0000000100000000)
  eden space 15360K, 100% used [0x00000000d5580000,0x00000000d6480000,0x00000000d6480000)
  from space 2560K, 95% used [0x00000000d6480000,0x00000000d66e4170,0x00000000d6700000)
  to   space 2560K, 0% used [0x00000000d6700000,0x00000000d6700000,0x00000000d6980000)
 ParOldGen       total 94720K, used 94240K [0x0000000080000000, 0x0000000085c80000, 0x00000000d5580000)
  object space 94720K, 99% used [0x0000000080000000,0x0000000085c08270,0x0000000085c80000)
 Metaspace       used 56155K, committed 57408K, reserved 1114112K
  class space    used 5997K, committed 6592K, reserved 1048576K
}
Event: 6.447 GC heap after
{Heap after GC invocations=54 (full 2):
 PSYoungGen      total 17920K, used 2167K [0x00000000d5580000, 0x00000000d6980000, 0x0000000100000000)
  eden space 15360K, 0% used [0x00000000d5580000,0x00000000d5580000,0x00000000d6480000)
  from space 2560K, 84% used [0x00000000d6700000,0x00000000d691dce8,0x00000000d6980000)
  to   space 2560K, 0% used [0x00000000d6480000,0x00000000d6480000,0x00000000d6700000)
 ParOldGen       total 96768K, used 96515K [0x0000000080000000, 0x0000000085e80000, 0x00000000d5580000)
  object space 96768K, 99% used [0x0000000080000000,0x0000000085e40f78,0x0000000085e80000)
 Metaspace       used 56155K, committed 57408K, reserved 1114112K
  class space    used 5997K, committed 6592K, reserved 1048576K
}

